INFO  @ Thu, 11 Apr 2024 16:48:22: Parameters: /Users/nyuhki/miniforge3/envs/mageck/bin/mageck count -l ./alignment_files/hhPoolA-B_fixed_combined.csv -n CGTACGAG_CTAGTGAG --fastq ./DEMO_v2/CGTACGAG_CTAGTGAG/CGTACGAG_CTAGTGAG_trimmed_1.fastq.gz 
INFO  @ Thu, 11 Apr 2024 16:48:22: Welcome to MAGeCK v0.5.9.5. Command: count 
INFO  @ Thu, 11 Apr 2024 16:48:22: Header line of the library file detected; skip the first line ... 
INFO  @ Thu, 11 Apr 2024 16:48:22: Loading 119461 predefined sgRNAs. 
WARNING @ Thu, 11 Apr 2024 16:48:22: There are 0 sgRNAs with duplicated sequences. 
INFO  @ Thu, 11 Apr 2024 16:48:22: Parsing FASTQ file ./DEMO_v2/CGTACGAG_CTAGTGAG/CGTACGAG_CTAGTGAG_trimmed_1.fastq.gz... 
INFO  @ Thu, 11 Apr 2024 16:48:22: Determining the trim-5 length of FASTQ file ./DEMO_v2/CGTACGAG_CTAGTGAG/CGTACGAG_CTAGTGAG_trimmed_1.fastq.gz... 
INFO  @ Thu, 11 Apr 2024 16:48:22: Possible gRNA lengths:20 
INFO  @ Thu, 11 Apr 2024 16:48:22: Processing 0M reads ... 
INFO  @ Thu, 11 Apr 2024 16:48:22: Read length:20 
INFO  @ Thu, 11 Apr 2024 16:48:22: Total tested reads: 10000, mapped: 6154(0.6154) 
INFO  @ Thu, 11 Apr 2024 16:48:22: --trim-5 test data: (trim_length reads fraction) 
INFO  @ Thu, 11 Apr 2024 16:48:22: 0	6154	1.0 
INFO  @ Thu, 11 Apr 2024 16:48:22: Auto determination of trim5 results: 0 
INFO  @ Thu, 11 Apr 2024 16:48:22: Possible gRNA lengths:20 
INFO  @ Thu, 11 Apr 2024 16:48:22: Processing 0M reads .. 
INFO  @ Thu, 11 Apr 2024 16:48:22: Total: 10000. 
INFO  @ Thu, 11 Apr 2024 16:48:22: Mapped: 6154. 
DEBUG @ Thu, 11 Apr 2024 16:48:22: Initial (total) size factor: 1.0 
DEBUG @ Thu, 11 Apr 2024 16:48:22: Median factor: 2.0 
INFO  @ Thu, 11 Apr 2024 16:48:22: Final size factor: 2.0 
INFO  @ Thu, 11 Apr 2024 16:48:23: Summary of file ./DEMO_v2/CGTACGAG_CTAGTGAG/CGTACGAG_CTAGTGAG_trimmed_1.fastq.gz: 
INFO  @ Thu, 11 Apr 2024 16:48:23: label	sample1 
INFO  @ Thu, 11 Apr 2024 16:48:23: reads	10000 
INFO  @ Thu, 11 Apr 2024 16:48:23: mappedreads	6154 
INFO  @ Thu, 11 Apr 2024 16:48:23: totalsgrnas	119461 
INFO  @ Thu, 11 Apr 2024 16:48:23: zerosgrnas	115102 
INFO  @ Thu, 11 Apr 2024 16:48:23: giniindex	0.9683895105792223 
INFO  @ Thu, 11 Apr 2024 16:48:23: Loading Rnw template file: /Users/nyuhki/miniforge3/envs/mageck/lib/python3.9/site-packages/mageck/count_report.Rmd. 
DEBUG @ Thu, 11 Apr 2024 16:48:23: Setting up the visualization module... 
INFO  @ Thu, 11 Apr 2024 16:48:23: Loading Rnw template file: /Users/nyuhki/miniforge3/envs/mageck/lib/python3.9/site-packages/mageck/fastq_template.Rnw. 
DEBUG @ Thu, 11 Apr 2024 16:48:23: Setting up the visualization module... 
